2022-01-18 13:24:09 info:  [prerregistro.js] [Usuario: Administrador] METODO: concesionario-prerregistro
2022-01-18 13:24:09 info:  [persona.dao.js]  FUNCION: consultaConcesionarioPrerreg
2022-01-18 13:24:09 info:  [persona.dao.js] [Usuario: Administrador] METODO: BdConsultaConcesionarioPrerreg 
2022-01-18 13:24:10 info: CALL spConsultaConcesionarioPrereg()
2022-01-18 19:30:14 info:  [documentacion.js] [Usuario: Administrador] METODO: vehiculo-documentos
2022-01-18 19:30:14 error:  [documentacion.js] ERROR: ReferenceError: datVehiculo is not defined
2022-01-18 19:30:57 info:  [documentacion.js] [Usuario: Administrador] METODO: vehiculo-documentos
2022-01-18 19:30:57 info:  [documentacion.js] Atención: Verifique la información requerida.
2022-01-18 19:32:11 info:  [prerregistro.js] [Usuario: Administrador] METODO: concesionario-prerregistro
2022-01-18 19:32:11 info:  [persona.dao.js]  FUNCION: consultaConcesionarioPrerreg
2022-01-18 19:32:11 info:  [persona.dao.js] [Usuario: Administrador] METODO: BdConsultaConcesionarioPrerreg 
2022-01-18 19:32:11 info: CALL spConsultaConcesionarioPrereg()
2022-01-18 19:32:20 info:  [prerregistro.js] [Usuario: Administrador] METODO: concesionario-prerregistro
2022-01-18 19:32:20 info:  [persona.dao.js]  FUNCION: consultaConcesionarioPrerreg
2022-01-18 19:32:20 info:  [persona.dao.js] [Usuario: Administrador] METODO: BdConsultaConcesionarioPrerreg 
2022-01-18 19:32:20 info: CALL spConsultaConcesionarioPrereg()
2022-01-18 19:32:33 info:  [documentacion.js] [Usuario: Administrador] METODO: vehiculo-documentos
2022-01-18 19:32:33 info:  [documentacion.js] Atención: Verifique la información requerida.
2022-01-18 19:32:39 info:  [documentacion.js] [Usuario: Administrador] METODO: vehiculo-documentos
2022-01-18 19:32:39 info:  [documentacion.dao.js] [Usuario: Administrador] METODO: editaDocumento 
2022-01-18 19:32:39 info:  [documentacion.dao.js] [Usuario: Administrador] METODO: BdEdicionDocumento 
2022-01-18 19:32:39 error: Se presentó un error en BdEdicionDocumento: ReferenceError: pQuery_str is not defined
2022-01-18 19:32:39 error:  [documentacion.js] ERROR: Se presentó un error al editar el documento: Se presentó un error en BdEdicionDocumento: ReferenceError: pQuery_str is not defined
2022-01-18 19:33:46 info:  [documentacion.js] [Usuario: Administrador] METODO: vehiculo-documentos
2022-01-18 19:33:46 info:  [documentacion.dao.js]  FUNCION: consultaDocumentacion
2022-01-18 19:33:46 info:  [documentacion.dao.js] [Usuario: Administrador] METODO: BdConsultaDocumentacion 
2022-01-18 19:33:46 info: CALL spConsultaVehiculoDocumentacion(7)
2022-01-18 19:35:27 info:  [documentacion.js] [Usuario: Administrador] METODO: vehiculo-documentos
2022-01-18 19:35:27 info:  [documentacion.dao.js]  FUNCION: consultaDocumentacion
2022-01-18 19:35:27 info:  [documentacion.dao.js] [Usuario: Administrador] METODO: BdConsultaDocumentacion 
2022-01-18 19:35:27 info: CALL spConsultaVehiculoDocumentacion(7)
2022-01-18 19:36:27 info:  [documentacion.js] [Usuario: Administrador] METODO: vehiculo-documentos
2022-01-18 19:36:27 info:  [documentacion.dao.js]  FUNCION: consultaDocumentacion
2022-01-18 19:36:27 info:  [documentacion.dao.js] [Usuario: Administrador] METODO: BdConsultaDocumentacion 
2022-01-18 19:36:27 info: CALL spConsultaVehiculoDocumentacion(77)
2022-01-18 19:36:37 info:  [documentacion.js] [Usuario: Administrador] METODO: vehiculo-documentos
2022-01-18 19:36:37 info:  [documentacion.dao.js]  FUNCION: consultaDocumentacion
2022-01-18 19:36:37 info:  [documentacion.dao.js] [Usuario: Administrador] METODO: BdConsultaDocumentacion 
2022-01-18 19:36:37 info: CALL spConsultaVehiculoDocumentacion(777)
2022-01-18 19:39:47 info:  [documentacion.js] [Usuario: Administrador] METODO: vehiculo-documentos
2022-01-18 19:39:47 info:  [documentacion.dao.js]  FUNCION: consultaDocumentacion
2022-01-18 19:39:47 info:  [documentacion.dao.js] [Usuario: Administrador] METODO: BdConsultaDocumentacion 
2022-01-18 19:39:47 info: CALL spConsultaVehiculoDocumentacion(777)
2022-01-18 19:39:47 error: Se presentó un error en BdConsultaDocumentacion: Error: Unknown column 'd.IdVehiculo' in 'where clause'
2022-01-18 19:39:47 error:  [documentacion.js] ERROR: Se presentó un error al consultar el Vehículo: Se presentó un error en BdConsultaDocumentacion: Error: Unknown column 'd.IdVehiculo' in 'where clause'
2022-01-18 19:40:26 info:  [documentacion.js] [Usuario: Administrador] METODO: vehiculo-documentos
2022-01-18 19:40:26 info:  [documentacion.dao.js]  FUNCION: consultaDocumentacion
2022-01-18 19:40:26 info:  [documentacion.dao.js] [Usuario: Administrador] METODO: BdConsultaDocumentacion 
2022-01-18 19:40:26 info: CALL spConsultaVehiculoDocumentacion(777)
2022-01-18 19:40:26 error: Se presentó un error en BdConsultaDocumentacion: Error: Unknown column 'IdVehiculo' in 'where clause'
2022-01-18 19:40:26 error:  [documentacion.js] ERROR: Se presentó un error al consultar el Vehículo: Se presentó un error en BdConsultaDocumentacion: Error: Unknown column 'IdVehiculo' in 'where clause'
2022-01-18 19:41:17 info:  [documentacion.js] [Usuario: Administrador] METODO: vehiculo-documentos
2022-01-18 19:41:17 info:  [documentacion.dao.js]  FUNCION: consultaDocumentacion
2022-01-18 19:41:17 info:  [documentacion.dao.js] [Usuario: Administrador] METODO: BdConsultaDocumentacion 
2022-01-18 19:41:17 info: CALL spConsultaVehiculoDocumentacion(777)
2022-01-18 19:41:18 error: Unexpected token u in JSON at position 0
2022-01-18 19:41:18 error:  [documentacion.js] ERROR: Se presentó un error al consultar el Vehículo: SyntaxError: Unexpected token u in JSON at position 0
2022-01-18 19:41:27 info:  [documentacion.js] [Usuario: Administrador] METODO: vehiculo-documentos
2022-01-18 19:41:27 info:  [documentacion.dao.js]  FUNCION: consultaDocumentacion
2022-01-18 19:41:27 info:  [documentacion.dao.js] [Usuario: Administrador] METODO: BdConsultaDocumentacion 
2022-01-18 19:41:27 info: CALL spConsultaVehiculoDocumentacion(7)
2022-01-18 19:41:28 error: Unexpected token u in JSON at position 0
2022-01-18 19:41:28 error:  [documentacion.js] ERROR: Se presentó un error al consultar el Vehículo: SyntaxError: Unexpected token u in JSON at position 0
2022-01-18 19:46:20 info:  [documentacion.js] [Usuario: Administrador] METODO: vehiculo-documentos
2022-01-18 19:46:20 info:  [documentacion.dao.js]  FUNCION: consultaDocumentacion
2022-01-18 19:46:20 info:  [documentacion.dao.js] [Usuario: Administrador] METODO: BdConsultaDocumentacion 
2022-01-18 19:46:20 info: CALL spConsultaVehiculoDocumentacion(7)
2022-01-18 19:46:54 info:  [documentacion.js] [Usuario: Administrador] METODO: vehiculo-documentos
2022-01-18 19:46:54 info:  [documentacion.dao.js]  FUNCION: consultaDocumentacion
2022-01-18 19:46:54 info:  [documentacion.dao.js] [Usuario: Administrador] METODO: BdConsultaDocumentacion 
2022-01-18 19:46:54 info: CALL spConsultaVehiculoDocumentacion(77)
2022-01-18 19:46:54 error: Unexpected token u in JSON at position 0
2022-01-18 19:46:54 error:  [documentacion.js] ERROR: Se presentó un error al consultar el Vehículo: SyntaxError: Unexpected token u in JSON at position 0
2022-01-18 19:47:49 info:  [documentacion.js] [Usuario: Administrador] METODO: vehiculo-documentos
2022-01-18 19:47:49 info:  [documentacion.dao.js]  FUNCION: consultaDocumentacion
2022-01-18 19:47:49 info:  [documentacion.dao.js] [Usuario: Administrador] METODO: BdConsultaDocumentacion 
2022-01-18 19:47:49 info: CALL spConsultaVehiculoDocumentacion(77)
2022-01-18 19:47:49 error: Unexpected token u in JSON at position 0
2022-01-18 19:47:49 error:  [documentacion.js] ERROR: Se presentó un error al consultar el Vehículo: SyntaxError: Unexpected token u in JSON at position 0
2022-01-18 19:48:49 info:  [documentacion.js] [Usuario: Administrador] METODO: vehiculo-documentos
2022-01-18 19:48:49 info:  [documentacion.dao.js]  FUNCION: consultaDocumentacion
2022-01-18 19:48:49 info:  [documentacion.dao.js] [Usuario: Administrador] METODO: BdConsultaDocumentacion 
2022-01-18 19:48:49 info: CALL spConsultaVehiculoDocumentacion(77)
2022-01-18 19:48:49 info: err
2022-01-18 19:48:49 error: Unexpected token u in JSON at position 0
2022-01-18 19:48:49 error:  [documentacion.js] ERROR: Se presentó un error al consultar el Vehículo: SyntaxError: Unexpected token u in JSON at position 0
2022-01-18 19:50:49 info:  [documentacion.js] [Usuario: Administrador] METODO: vehiculo-documentos
2022-01-18 19:50:49 info:  [documentacion.dao.js]  FUNCION: consultaDocumentacion
2022-01-18 19:50:49 info:  [documentacion.dao.js] [Usuario: Administrador] METODO: BdConsultaDocumentacion 
2022-01-18 19:50:49 info: CALL spConsultaVehiculoDocumentacion(77)
2022-01-18 19:50:49 info: resultado
2022-01-18 19:50:49 info: []
2022-01-18 19:51:00 info:  [documentacion.js] [Usuario: Administrador] METODO: vehiculo-documentos
2022-01-18 19:51:00 info:  [documentacion.dao.js]  FUNCION: consultaDocumentacion
2022-01-18 19:51:00 info:  [documentacion.dao.js] [Usuario: Administrador] METODO: BdConsultaDocumentacion 
2022-01-18 19:51:00 info: CALL spConsultaVehiculoDocumentacion(77)
2022-01-18 19:51:01 info: resultado
2022-01-18 19:51:01 info: []
2022-01-18 19:51:26 info:  [documentacion.js] [Usuario: Administrador] METODO: vehiculo-documentos
2022-01-18 19:51:26 info:  [documentacion.dao.js]  FUNCION: consultaDocumentacion
2022-01-18 19:51:26 info:  [documentacion.dao.js] [Usuario: Administrador] METODO: BdConsultaDocumentacion 
2022-01-18 19:51:26 info: CALL spConsultaVehiculoDocumentacion(77)
2022-01-18 19:51:31 info:  [documentacion.js] [Usuario: Administrador] METODO: vehiculo-documentos
2022-01-18 19:51:31 info:  [documentacion.dao.js]  FUNCION: consultaDocumentacion
2022-01-18 19:51:31 info:  [documentacion.dao.js] [Usuario: Administrador] METODO: BdConsultaDocumentacion 
2022-01-18 19:51:31 info: CALL spConsultaVehiculoDocumentacion(7)
2022-01-18 19:51:40 info:  [documentacion.js] [Usuario: Administrador] METODO: vehiculo-documentos
2022-01-18 19:51:40 info:  [documentacion.dao.js]  FUNCION: consultaDocumentacion
2022-01-18 19:51:40 info:  [documentacion.dao.js] [Usuario: Administrador] METODO: BdConsultaDocumentacion 
2022-01-18 19:51:40 info: CALL spConsultaVehiculoDocumentacion(73)
2022-01-18 19:52:52 info:  [documentacion.js] [Usuario: undefined] METODO: documento-edicion
2022-01-18 19:53:37 info:  [documentacion.js] [Usuario: undefined] METODO: documento-edicion
2022-01-18 19:55:00 info:  [documentacion.js] [Usuario: undefined] METODO: documento-edicion
2022-01-18 19:55:00 info: req.file
2022-01-18 19:55:00 info: {"fieldname":"documento","originalname":"INFORMATIVO MARZO 2021.pdf","encoding":"7bit","mimetype":"application/pdf","destination":"C:/ArchivosDocumentos/","filename":"INFORMATIVO MARZO 2021.pdf","path":"C:\\ArchivosDocumentos\\INFORMATIVO MARZO 2021.pdf","size":282797}
2022-01-18 19:55:00 info: NombreArchivoPDF
2022-01-18 19:55:00 info: INFORMATIVO MARZO 2021.pdf
2022-01-18 19:55:00 info:  [documentacion.dao.js] [Usuario: ] METODO: editaDocumento 
2022-01-18 19:55:00 info:  [documentacion.dao.js] [Usuario: ] METODO: BdEdicionDocumento 
2022-01-18 19:55:01 error: Se presentó un error en BdEdicionDocumento: ReferenceError: pQuery_str is not defined
2022-01-18 19:55:01 error:  [documentacion.js] ERROR: Se presentó un error al editar el documento: Se presentó un error en BdEdicionDocumento: ReferenceError: pQuery_str is not defined
2022-01-18 19:55:33 info:  [documentacion.js] [Usuario: undefined] METODO: documento-edicion
2022-01-18 19:55:33 info: req.file
2022-01-18 19:55:33 info: {"fieldname":"documento","originalname":"INFORMATIVO MARZO 2021.pdf","encoding":"7bit","mimetype":"application/pdf","destination":"C:/ArchivosDocumentos/","filename":"INFORMATIVO MARZO 2021.pdf","path":"C:\\ArchivosDocumentos\\INFORMATIVO MARZO 2021.pdf","size":282797}
2022-01-18 19:55:33 error:  [documentacion.js]  ERROR: ReferenceError: body is not defined
2022-01-18 19:55:47 info:  [documentacion.js] [Usuario: undefined] METODO: documento-edicion
2022-01-18 19:55:47 error:  [documentacion.js]  ERROR: ReferenceError: body is not defined
2022-01-18 19:56:18 info:  [documentacion.js] [Usuario: undefined] METODO: documento-edicion
2022-01-18 19:56:18 info: req.file
2022-01-18 19:56:18 info: {"fieldname":"documento","originalname":"INFORMATIVO MARZO 2021.pdf","encoding":"7bit","mimetype":"application/pdf","destination":"C:/ArchivosDocumentos/","filename":"INFORMATIVO MARZO 2021.pdf","path":"C:\\ArchivosDocumentos\\INFORMATIVO MARZO 2021.pdf","size":282797}
2022-01-18 19:56:18 error:  [documentacion.js]  ERROR: ReferenceError: body is not defined
2022-01-18 19:56:23 info:  [documentacion.js] [Usuario: undefined] METODO: documento-edicion
2022-01-18 19:56:23 info: req.file
2022-01-18 19:56:23 info: {"fieldname":"documento","originalname":"INFORMATIVO MARZO 2021.pdf","encoding":"7bit","mimetype":"application/pdf","destination":"C:/ArchivosDocumentos/","filename":"INFORMATIVO MARZO 2021.pdf","path":"C:\\ArchivosDocumentos\\INFORMATIVO MARZO 2021.pdf","size":282797}
2022-01-18 19:56:23 error:  [documentacion.js]  ERROR: ReferenceError: body is not defined
2022-01-18 19:57:30 info:  [documentacion.js] [Usuario: undefined] METODO: documento-edicion
2022-01-18 19:57:30 info: req.file
2022-01-18 19:57:30 info: {"fieldname":"documento","originalname":"INFORMATIVO MARZO 2021.pdf","encoding":"7bit","mimetype":"application/pdf","destination":"C:/ArchivosDocumentos/","filename":"INFORMATIVO MARZO 2021.pdf","path":"C:\\ArchivosDocumentos\\INFORMATIVO MARZO 2021.pdf","size":282797}
2022-01-18 19:57:30 info: NombreArchivoPDF
2022-01-18 19:57:30 info: INFORMATIVO MARZO 2021.pdf
2022-01-18 19:57:30 info:  [documentacion.dao.js] [Usuario: ] METODO: editaDocumento 
2022-01-18 19:57:30 info:  [documentacion.dao.js] [Usuario: ] METODO: BdEdicionDocumento 
2022-01-18 19:57:30 error: Se presentó un error en BdEdicionDocumento: ReferenceError: pQuery_str is not defined
2022-01-18 19:57:30 error:  [documentacion.js] ERROR: Se presentó un error al editar el documento: Se presentó un error en BdEdicionDocumento: ReferenceError: pQuery_str is not defined
2022-01-18 19:58:08 info:  [documentacion.js] [Usuario: undefined] METODO: documento-edicion
2022-01-18 19:58:08 info: req.file
2022-01-18 19:58:08 info: {"fieldname":"documento","originalname":"INFORMATIVO MARZO 2021.pdf","encoding":"7bit","mimetype":"application/pdf","destination":"C:/ArchivosDocumentos/","filename":"INFORMATIVO MARZO 2021.pdf","path":"C:\\ArchivosDocumentos\\INFORMATIVO MARZO 2021.pdf","size":282797}
2022-01-18 19:58:08 info: NombreArchivoPDF
2022-01-18 19:58:08 info: INFORMATIVO MARZO 2021.pdf
2022-01-18 19:58:08 info:  [documentacion.dao.js] [Usuario: ] METODO: editaDocumento 
2022-01-18 19:58:08 info:  [documentacion.dao.js] [Usuario: ] METODO: BdEdicionDocumento 
2022-01-18 19:58:08 info: CALL spVehiculoDocumento( 'E',
        NULL,  
        NULL, 
        'INFORMATIVO MARZO 2021.pdf'
        )
2022-01-18 19:58:09 error: Se presentó un error en BdEdicionDocumento: Error: Data too long for column 'pNombreArchivo' at row 1
2022-01-18 19:58:09 error:  [documentacion.js] ERROR: Se presentó un error al editar el documento: Se presentó un error en BdEdicionDocumento: Error: Data too long for column 'pNombreArchivo' at row 1
2022-01-18 20:02:46 info:  [documentacion.js] [Usuario: undefined] METODO: documento-edicion
2022-01-18 20:02:46 info:  [documentacion.js] Atención: Verifique la información requerida.
2022-01-18 20:02:58 info:  [documentacion.js] [Usuario: undefined] METODO: documento-edicion
2022-01-18 20:02:58 info:  [documentacion.js] Atención: Verifique la información requerida.
2022-01-18 20:03:10 info:  [documentacion.js] [Usuario: undefined] METODO: documento-edicion
2022-01-18 20:03:10 info: req.file
2022-01-18 20:03:10 info: {"fieldname":"documento","originalname":"INFORMATIVO MARZO 2021.pdf","encoding":"7bit","mimetype":"application/pdf","destination":"C:/ArchivosDocumentos/","filename":"INFORMATIVO MARZO 2021.pdf","path":"C:\\ArchivosDocumentos\\INFORMATIVO MARZO 2021.pdf","size":282797}
2022-01-18 20:03:10 error:  [documentacion.js]  ERROR: ReferenceError: IdVehiculo is not defined
2022-01-18 20:04:43 info:  [documentacion.js] [Usuario: undefined] METODO: documento-edicion
2022-01-18 20:04:43 info: req.file
2022-01-18 20:04:43 info: {"fieldname":"documento","originalname":"INFORMATIVO MARZO 2021.pdf","encoding":"7bit","mimetype":"application/pdf","destination":"C:/ArchivosDocumentos/","filename":"INFORMATIVO MARZO 2021.pdf","path":"C:\\ArchivosDocumentos\\INFORMATIVO MARZO 2021.pdf","size":282797}
2022-01-18 20:04:43 info: NombreArchivoPDF
2022-01-18 20:04:43 info: INFORMATIVO MARZO 2021.pdf
2022-01-18 20:04:43 info:  [documentacion.dao.js] [Usuario: ] METODO: editaDocumento 
2022-01-18 20:04:43 info:  [documentacion.dao.js] [Usuario: ] METODO: BdEdicionDocumento 
2022-01-18 20:04:44 info: CALL spVehiculoDocumento( 'E',
        1,  
        1, 
        'INFORMATIVO MARZO 2021.pdf'
        )
2022-01-18 20:04:44 info:  [documentacion.js] Atención: Ocurrió un error en la edición del Documento. Unknown column 'vIdVehiculo' in 'field list'
2022-01-18 20:05:50 info:  [documentacion.js] [Usuario: undefined] METODO: documento-edicion
2022-01-18 20:05:50 info: req.file
2022-01-18 20:05:50 info: {"fieldname":"documento","originalname":"INFORMATIVO MARZO 2021.pdf","encoding":"7bit","mimetype":"application/pdf","destination":"C:/ArchivosDocumentos/","filename":"INFORMATIVO MARZO 2021.pdf","path":"C:\\ArchivosDocumentos\\INFORMATIVO MARZO 2021.pdf","size":282797}
2022-01-18 20:05:50 info: NombreArchivoPDF
2022-01-18 20:05:50 info: INFORMATIVO MARZO 2021.pdf
2022-01-18 20:05:50 info:  [documentacion.dao.js] [Usuario: ] METODO: editaDocumento 
2022-01-18 20:05:50 info:  [documentacion.dao.js] [Usuario: ] METODO: BdEdicionDocumento 
2022-01-18 20:05:50 info: CALL spVehiculoDocumento( 'E',
        1,  
        1, 
        'INFORMATIVO MARZO 2021.pdf'
        )
2022-01-18 20:06:01 info:  [documentacion.js] [Usuario: Administrador] METODO: vehiculo-documentos
2022-01-18 20:06:01 info:  [documentacion.dao.js]  FUNCION: consultaDocumentacion
2022-01-18 20:06:01 info:  [documentacion.dao.js] [Usuario: Administrador] METODO: BdConsultaDocumentacion 
2022-01-18 20:06:01 info: CALL spConsultaVehiculoDocumentacion(73)
2022-01-18 20:06:05 info:  [documentacion.js] [Usuario: Administrador] METODO: vehiculo-documentos
2022-01-18 20:06:05 info:  [documentacion.dao.js]  FUNCION: consultaDocumentacion
2022-01-18 20:06:05 info:  [documentacion.dao.js] [Usuario: Administrador] METODO: BdConsultaDocumentacion 
2022-01-18 20:06:05 info: CALL spConsultaVehiculoDocumentacion(7)
2022-01-18 20:06:23 info:  [documentacion.js] [Usuario: Administrador] METODO: vehiculo-documentos
2022-01-18 20:06:23 info:  [documentacion.dao.js]  FUNCION: consultaDocumentacion
2022-01-18 20:06:23 info:  [documentacion.dao.js] [Usuario: Administrador] METODO: BdConsultaDocumentacion 
2022-01-18 20:06:23 info: CALL spConsultaVehiculoDocumentacion(1)
2022-01-18 20:07:13 info:  [documentacion.js] [Usuario: undefined] METODO: documento-edicion
2022-01-18 20:07:13 info: req.file
2022-01-18 20:07:13 info: {"fieldname":"documento","originalname":"INFORMATIVO MARZO 2021.pdf","encoding":"7bit","mimetype":"application/pdf","destination":"C:/ArchivosDocumentos/","filename":"INFORMATIVO MARZO 2021.pdf","path":"C:\\ArchivosDocumentos\\INFORMATIVO MARZO 2021.pdf","size":282797}
2022-01-18 20:07:13 info: NombreArchivoPDF
2022-01-18 20:07:13 info: INFORMATIVO MARZO 2021.pdf
2022-01-18 20:07:13 info:  [documentacion.dao.js] [Usuario: ] METODO: editaDocumento 
2022-01-18 20:07:13 info:  [documentacion.dao.js] [Usuario: ] METODO: BdEdicionDocumento 
2022-01-18 20:07:13 info: CALL spVehiculoDocumento( 'E',
        1,  
        1, 
        'INFORMATIVO MARZO 2021.pdf'
        )
2022-01-18 20:07:59 info:  [documentacion.js] [Usuario: undefined] METODO: documento-edicion
2022-01-18 20:07:59 info: req.file
2022-01-18 20:07:59 info: {"fieldname":"documento","originalname":"INFORMATIVO MARZO 2021.pdf","encoding":"7bit","mimetype":"application/pdf","destination":"C:/ArchivosDocumentos/","filename":"INFORMATIVO MARZO 2021.pdf","path":"C:\\ArchivosDocumentos\\INFORMATIVO MARZO 2021.pdf","size":282797}
2022-01-18 20:07:59 info: NombreArchivoPDF
2022-01-18 20:07:59 info: INFORMATIVO MARZO 2021.pdf
2022-01-18 20:07:59 info:  [documentacion.dao.js] [Usuario: ] METODO: editaDocumento 
2022-01-18 20:07:59 info:  [documentacion.dao.js] [Usuario: ] METODO: BdEdicionDocumento 
2022-01-18 20:07:59 info: CALL spVehiculoDocumento( 'E',
        1,  
        4, 
        'INFORMATIVO MARZO 2021.pdf'
        )
2022-01-18 20:08:18 info:  [documentacion.js] [Usuario: Administrador] METODO: vehiculo-documentos
2022-01-18 20:08:18 info:  [documentacion.dao.js]  FUNCION: consultaDocumentacion
2022-01-18 20:08:18 info:  [documentacion.dao.js] [Usuario: Administrador] METODO: BdConsultaDocumentacion 
2022-01-18 20:08:18 info: CALL spConsultaVehiculoDocumentacion(1)
2022-01-18 20:09:00 info:  [documentacion.js] [Usuario: undefined] METODO: documento-edicion
2022-01-18 20:09:00 info: req.file
2022-01-18 20:09:00 info: {"fieldname":"documento","originalname":"F0000000186.pdf","encoding":"7bit","mimetype":"application/pdf","destination":"C:/ArchivosDocumentos/","filename":"F0000000186.pdf","path":"C:\\ArchivosDocumentos\\F0000000186.pdf","size":122420}
2022-01-18 20:09:00 info: NombreArchivoPDF
2022-01-18 20:09:00 info: F0000000186.pdf
2022-01-18 20:09:00 info:  [documentacion.dao.js] [Usuario: ] METODO: editaDocumento 
2022-01-18 20:09:00 info:  [documentacion.dao.js] [Usuario: ] METODO: BdEdicionDocumento 
2022-01-18 20:09:00 info: CALL spVehiculoDocumento( 'E',
        1,  
        4, 
        'F0000000186.pdf'
        )
2022-01-18 20:17:20 info:  [documentacion.js] [Usuario: undefined] METODO: documento-edicion
2022-01-18 20:17:20 error:  [documentacion.js]  ERROR: ReferenceError: dat is not defined
2022-01-18 20:18:53 info:  [documentacion.js] [Usuario: undefined] METODO: documento-edicion
2022-01-18 20:18:53 info: req.file
2022-01-18 20:18:53 info: {"fieldname":"documento","originalname":"ACTIVIDADES 17 Y 18 ENERO.pdf","encoding":"7bit","mimetype":"application/pdf","destination":"C:/ArchivosDocumentos/","filename":"ACTIVIDADES 17 Y 18 ENERO.pdf","path":"C:\\ArchivosDocumentos\\ACTIVIDADES 17 Y 18 ENERO.pdf","size":1126950}
2022-01-18 20:18:53 info: NombreArchivoPDF
2022-01-18 20:18:53 info: ACTIVIDADES 17 Y 18 ENERO.pdf
2022-01-18 20:18:53 info:  [documentacion.dao.js] [Usuario: ] METODO: editaDocumento 
2022-01-18 20:18:53 info:  [documentacion.dao.js] [Usuario: ] METODO: BdEdicionDocumento 
2022-01-18 20:18:53 info: CALL spVehiculoDocumento( 'E',
        1,  
        3, 
        'ACTIVIDADES 17 Y 18 ENERO.pdf'
        )
2022-01-18 20:19:01 info:  [documentacion.js] [Usuario: Administrador] METODO: vehiculo-documentos
2022-01-18 20:19:01 info:  [documentacion.dao.js]  FUNCION: consultaDocumentacion
2022-01-18 20:19:01 info:  [documentacion.dao.js] [Usuario: Administrador] METODO: BdConsultaDocumentacion 
2022-01-18 20:19:01 info: CALL spConsultaVehiculoDocumentacion(1)
2022-01-18 20:20:34 info:  [documentacion.js] [Usuario: undefined] METODO: documento-anular
2022-01-18 20:20:34 info:  [documentacion.js] Atención: Verifique la información requerida.
2022-01-18 20:21:13 info:  [documentacion.js] [Usuario: undefined] METODO: documento-edicion
2022-01-18 20:21:13 info: req.file
2022-01-18 20:21:13 info: {"fieldname":"documento","originalname":"INFORMATIVO MARZO 2021.pdf","encoding":"7bit","mimetype":"application/pdf","destination":"C:/ArchivosDocumentos/","filename":"INFORMATIVO MARZO 2021.pdf","path":"C:\\ArchivosDocumentos\\INFORMATIVO MARZO 2021.pdf","size":282797}
2022-01-18 20:21:13 info: NombreArchivoPDF
2022-01-18 20:21:13 info: INFORMATIVO MARZO 2021.pdf
2022-01-18 20:21:13 info:  [documentacion.dao.js] [Usuario: ] METODO: editaDocumento 
2022-01-18 20:21:13 info:  [documentacion.dao.js] [Usuario: ] METODO: BdEdicionDocumento 
2022-01-18 20:21:13 info: CALL spVehiculoDocumento( 'E',
        1,  
        5, 
        'INFORMATIVO MARZO 2021.pdf'
        )
2022-01-18 20:21:17 info:  [documentacion.js] [Usuario: Administrador] METODO: vehiculo-documentos
2022-01-18 20:21:17 info:  [documentacion.dao.js]  FUNCION: consultaDocumentacion
2022-01-18 20:21:17 info:  [documentacion.dao.js] [Usuario: Administrador] METODO: BdConsultaDocumentacion 
2022-01-18 20:21:17 info: CALL spConsultaVehiculoDocumentacion(1)
2022-01-18 20:21:59 info:  [documentacion.js] [Usuario: undefined] METODO: documento-anular
2022-01-18 20:21:59 info:  [documentacion.js] Atención: Verifique la información requerida.
2022-01-18 20:22:04 info:  [documentacion.js] [Usuario: undefined] METODO: documento-anular
2022-01-18 20:22:04 info:  [documentacion.dao.js] [Usuario: ] METODO: editaDocumento 
2022-01-18 20:22:04 info:  [documentacion.dao.js] [Usuario: ] METODO: BdEdicionDocumento 
2022-01-18 20:22:04 info: CALL spVehiculoDocumento( 'B',
        1,  
        3, 
        NULL
        )
2022-01-18 20:22:08 info:  [documentacion.js] [Usuario: Administrador] METODO: vehiculo-documentos
2022-01-18 20:22:08 info:  [documentacion.dao.js]  FUNCION: consultaDocumentacion
2022-01-18 20:22:08 info:  [documentacion.dao.js] [Usuario: Administrador] METODO: BdConsultaDocumentacion 
2022-01-18 20:22:08 info: CALL spConsultaVehiculoDocumentacion(1)
2022-01-18 20:22:41 info:  [documentacion.js] [Usuario: Administrador] METODO: vehiculo-documentos
2022-01-18 20:22:41 info:  [documentacion.dao.js]  FUNCION: consultaDocumentacion
2022-01-18 20:22:41 info:  [documentacion.dao.js] [Usuario: Administrador] METODO: BdConsultaDocumentacion 
2022-01-18 20:22:41 info: CALL spConsultaVehiculoDocumentacion(1)
2022-01-18 20:23:06 info:  [documentacion.js] [Usuario: Administrador] METODO: vehiculo-documentos
2022-01-18 20:23:06 info:  [documentacion.dao.js]  FUNCION: consultaDocumentacion
2022-01-18 20:23:06 info:  [documentacion.dao.js] [Usuario: Administrador] METODO: BdConsultaDocumentacion 
2022-01-18 20:23:06 info: CALL spConsultaVehiculoDocumentacion(1)
2022-01-18 20:23:59 info:  [prerregistro.js] [Usuario: Administrador] METODO: concesionario-prerregistro
2022-01-18 20:23:59 info:  [persona.dao.js]  FUNCION: consultaConcesionarioPrerreg
2022-01-18 20:23:59 info:  [persona.dao.js] [Usuario: Administrador] METODO: BdConsultaConcesionarioPrerreg 
2022-01-18 20:23:59 info: CALL spConsultaConcesionarioPrereg()
